[0.021s] Invoking command in '/Users/fergusproctor/dev/SLAM-robot/ros2_ws/build/serial_communicator': CONDA_PROMPT_MODIFIER=(ros_env) SHLVL=2 _=/Users/fergusproctor/miniforge3/envs/ros_env/bin/env __CF_USER_TEXT_ENCODING=0x1F5:0x0:0x0 /Users/fergusproctor/miniforge3/envs/ros_env/bin/cmake --build /Users/fergusproctor/dev/SLAM-robot/ros2_ws/build/serial_communicator -- -j8 -l8
[0.201s] [ 25%] Building CXX object CMakeFiles/simple_serial.dir/src/simple_serial.cpp.o
[0.204s] [ 75%] Built target serial_node
[1.597s] /Users/fergusproctor/dev/SLAM-robot/ros2_ws/src/serial_communicator/src/simple_serial.cpp:38:78: warning: unused parameter 'length' [-Wunused-parameter]
[1.597s]             [this, data](const boost::system::error_code& error, std::size_t length) {
[1.597s]                                                                              ^
[1.597s] /Users/fergusproctor/dev/SLAM-robot/ros2_ws/src/serial_communicator/src/simple_serial.cpp:38:14: warning: lambda capture 'this' is not used [-Wunused-lambda-capture]
[1.597s]             [this, data](const boost::system::error_code& error, std::size_t length) {
[1.597s]              ^~~~~
[1.599s] /Users/fergusproctor/dev/SLAM-robot/ros2_ws/src/serial_communicator/src/simple_serial.cpp:63:15: error: expected '(' after 'while'
[1.599s]         while 1=1{
[1.599s]               ^
[1.746s] 2 warnings and 1 error generated.
[1.751s] make[2]: *** [CMakeFiles/simple_serial.dir/build.make:76: CMakeFiles/simple_serial.dir/src/simple_serial.cpp.o] Error 1
[1.752s] make[1]: *** [CMakeFiles/Makefile2:165: CMakeFiles/simple_serial.dir/all] Error 2
[1.752s] make: *** [Makefile:146: all] Error 2
[1.753s] Invoked command in '/Users/fergusproctor/dev/SLAM-robot/ros2_ws/build/serial_communicator' returned '2': CONDA_PROMPT_MODIFIER=(ros_env) SHLVL=2 _=/Users/fergusproctor/miniforge3/envs/ros_env/bin/env __CF_USER_TEXT_ENCODING=0x1F5:0x0:0x0 /Users/fergusproctor/miniforge3/envs/ros_env/bin/cmake --build /Users/fergusproctor/dev/SLAM-robot/ros2_ws/build/serial_communicator -- -j8 -l8
