[0.000000] (-) TimerEvent: {}
[0.000160] (-) JobUnselected: {'identifier': 'my_serial_communicator_cpp'}
[0.000199] (-) JobUnselected: {'identifier': 'serial_communicator_py'}
[0.000272] (serial_communicator) JobQueued: {'identifier': 'serial_communicator', 'dependencies': OrderedDict()}
[0.000316] (serial_communicator) JobStarted: {'identifier': 'serial_communicator'}
[0.017359] (serial_communicator) JobProgress: {'identifier': 'serial_communicator', 'progress': 'cmake'}
[0.017814] (serial_communicator) JobProgress: {'identifier': 'serial_communicator', 'progress': 'build'}
[0.018188] (serial_communicator) Command: {'cmd': ['/Users/fergusproctor/miniforge3/envs/ros_env/bin/cmake', '--build', '/Users/fergusproctor/dev/SLAM-robot/ros2_ws/build/serial_communicator', '--', '-j8', '-l8'], 'cwd': '/Users/fergusproctor/dev/SLAM-robot/ros2_ws/build/serial_communicator', 'env': OrderedDict([('AS', 'arm64-apple-darwin20.0.0-as'), ('LDFLAGS', '-Wl,-headerpad_max_install_names -Wl,-dead_strip_dylibs -Wl,-rpath,/Users/fergusproctor/miniforge3/envs/ros_env/lib -L/Users/fergusproctor/miniforge3/envs/ros_env/lib'), ('AR', 'arm64-apple-darwin20.0.0-ar'), ('ac_cv_func_malloc_0_nonnull', 'yes'), ('TERM_PROGRAM', 'Apple_Terminal'), ('PROJ_DATA', '/Users/fergusproctor/miniforge3/envs/ros_env/share/proj'), ('ac_cv_func_realloc_0_nonnull', 'yes'), ('OBJC', 'arm64-apple-darwin20.0.0-clang'), ('HOST', 'arm64-apple-darwin20.0.0'), ('SHELL', '/bin/zsh'), ('TERM', 'xterm-256color'), ('NM', 'arm64-apple-darwin20.0.0-nm'), ('CPPFLAGS', '-D_FORTIFY_SOURCE=2 -isystem /Users/fergusproctor/miniforge3/envs/ros_env/include'), ('HOMEBREW_REPOSITORY', '/opt/homebrew'), ('TMPDIR', '/var/folders/dv/3vlkd_t53j9gr9ggfhz4wg2w0000gn/T/'), ('PAGESTUFF', 'arm64-apple-darwin20.0.0-pagestuff'), ('CONDA_SHLVL', '2'), ('LIPO', 'arm64-apple-darwin20.0.0-lipo'), ('CONDA_PROMPT_MODIFIER', '(ros_env)'), ('TERM_PROGRAM_VERSION', '453'), ('GSETTINGS_SCHEMA_DIR_CONDA_BACKUP', ''), ('SIZE', 'arm64-apple-darwin20.0.0-size'), ('NMEDIT', 'arm64-apple-darwin20.0.0-nmedit'), ('ROS_PYTHON_VERSION', '3'), ('SDKROOT', '/Applications/Xcode.app/Contents/Developer/Platforms/MacOSX.platform/Developer/SDKs/MacOSX.sdk'), ('ROS_VERSION', '2'), ('TERM_SESSION_ID', 'B3ED9455-6DC4-4DD9-BF52-EC4FB6A8F843'), ('AMENT_PREFIX_PATH', '/Users/fergusproctor/miniforge3/envs/ros_env'), ('CXX_FOR_BUILD', '/Users/fergusproctor/miniforge3/envs/ros_env/bin/arm64-apple-darwin20.0.0-clang++'), ('INSTALL_NAME_TOOL', 'arm64-apple-darwin20.0.0-install_name_tool'), ('SEGEDIT', 'arm64-apple-darwin20.0.0-segedit'), ('GFORTRAN', '/Users/fergusproctor/miniforge3/envs/ros_env/bin/arm64-apple-darwin20.0.0-gfortran'), ('SEG_HACK', 'arm64-apple-darwin20.0.0-seg_hack'), ('USER', 'fergusproctor'), ('CLANGXX', 'arm64-apple-darwin20.0.0-clang++'), ('LIBTOOL', 'arm64-apple-darwin20.0.0-libtool'), ('CONDA_BACKUP_HOST', 'Ferguss-MacBook-Air.local'), ('CONDA_TOOLCHAIN_BUILD', 'arm64-apple-darwin20.0.0'), ('FC_FOR_BUILD', '/Users/fergusproctor/miniforge3/envs/ros_env/bin/arm64-apple-darwin20.0.0-gfortran'), ('CONDA_EXE', '/Users/fergusproctor/miniforge3/bin/conda'), ('OTOOL', 'arm64-apple-darwin20.0.0-otool'), ('SSH_AUTH_SOCK', '/private/tmp/com.apple.launchd.FlgDCnJkEx/Listeners'), ('__CF_USER_TEXT_ENCODING', '0x1F5:0x0:0x0'), ('DEBUG_FORTRANFLAGS', '-march=armv8.3-a -ftree-vectorize -fPIC -fno-stack-protector -O2 -pipe -isystem /Users/fergusproctor/miniforge3/envs/ros_env/include -march=armv8.3-a -ftree-vectorize -fPIC -fno-stack-protector -O2 -pipe -Og -g -Wall -Wextra -fcheck=all -fbacktrace -fimplicit-none -fvar-tracking-assignments'), ('ROS_OS_OVERRIDE', 'conda:osx'), ('CXXFLAGS', '-ftree-vectorize -fPIC -fstack-protector-strong -O2 -pipe -stdlib=libc++ -fvisibility-inlines-hidden -fmessage-length=0 -isystem /Users/fergusproctor/miniforge3/envs/ros_env/include'), ('STRINGS', 'arm64-apple-darwin20.0.0-strings'), ('CONDA_TOOLCHAIN_HOST', 'arm64-apple-darwin20.0.0'), ('_CE_CONDA', ''), ('CHECKSYMS', 'arm64-apple-darwin20.0.0-checksyms'), ('CONDA_PREFIX_1', '/Users/fergusproctor/miniforge3'), ('PATH', '/Users/fergusproctor/miniforge3/envs/ros_env/bin:/Users/fergusproctor/miniforge3/condabin:/opt/homebrew/bin:/opt/homebrew/bin:/opt/homebrew/sbin:/usr/local/bin:/System/Cryptexes/App/usr/bin:/usr/bin:/bin:/usr/sbin:/sbin:/var/run/com.apple.security.cryptexd/codex.system/bootstrap/usr/local/bin:/var/run/com.apple.security.cryptexd/codex.system/bootstrap/usr/bin:/var/run/com.apple.security.cryptexd/codex.system/bootstrap/usr/appleinternal/bin:/Library/Apple/usr/bin'), ('PROJ_NETWORK', 'ON'), ('GSETTINGS_SCHEMA_DIR', '/Users/fergusproctor/miniforge3/envs/ros_env/share/glib-2.0/schemas'), ('MESON_ARGS', '--buildtype release'), ('XML_CATALOG_FILES', 'file:///Users/fergusproctor/miniforge3/envs/ros_env/etc/xml/catalog file:///etc/xml/catalog'), ('DEBUG_CXXFLAGS', '-ftree-vectorize -fPIC -fstack-protector-strong -O2 -pipe -stdlib=libc++ -fvisibility-inlines-hidden -fmessage-length=0 -Og -g -Wall -Wextra -isystem /Users/fergusproctor/miniforge3/envs/ros_env/include'), ('BUILD', 'arm64-apple-darwin20.0.0'), ('LD', 'arm64-apple-darwin20.0.0-ld'), ('CONDA_PREFIX', '/Users/fergusproctor/miniforge3/envs/ros_env'), ('__CFBundleIdentifier', 'com.apple.Terminal'), ('F90', '/Users/fergusproctor/miniforge3/envs/ros_env/bin/arm64-apple-darwin20.0.0-gfortran'), ('PWD', '/Users/fergusproctor/dev/SLAM-robot/ros2_ws/build/serial_communicator'), ('COLCON', '1'), ('STRIP', 'arm64-apple-darwin20.0.0-strip'), ('CMAKE_ARGS', '-DCMAKE_AR=/Users/fergusproctor/miniforge3/envs/ros_env/bin/arm64-apple-darwin20.0.0-ar -DCMAKE_CXX_COMPILER_AR=/Users/fergusproctor/miniforge3/envs/ros_env/bin/arm64-apple-darwin20.0.0-ar -DCMAKE_C_COMPILER_AR=/Users/fergusproctor/miniforge3/envs/ros_env/bin/arm64-apple-darwin20.0.0-ar -DCMAKE_RANLIB=/Users/fergusproctor/miniforge3/envs/ros_env/bin/arm64-apple-darwin20.0.0-ranlib -DCMAKE_CXX_COMPILER_RANLIB=/Users/fergusproctor/miniforge3/envs/ros_env/bin/arm64-apple-darwin20.0.0-ranlib -DCMAKE_C_COMPILER_RANLIB=/Users/fergusproctor/miniforge3/envs/ros_env/bin/arm64-apple-darwin20.0.0-ranlib -DCMAKE_LINKER=/Users/fergusproctor/miniforge3/envs/ros_env/bin/arm64-apple-darwin20.0.0-ld -DCMAKE_STRIP=/Users/fergusproctor/miniforge3/envs/ros_env/bin/arm64-apple-darwin20.0.0-strip -DCMAKE_INSTALL_NAME_TOOL=/Users/fergusproctor/miniforge3/envs/ros_env/bin/arm64-apple-darwin20.0.0-install_name_tool -DCMAKE_LIBTOOL=/Users/fergusproctor/miniforge3/envs/ros_env/bin/arm64-apple-darwin20.0.0-libtool -DCMAKE_BUILD_TYPE=Release -DCMAKE_OSX_SYSROOT=/Applications/Xcode.app/Contents/Developer/Platforms/MacOSX.platform/Developer/SDKs/MacOSX.sdk'), ('F95', '/Users/fergusproctor/miniforge3/envs/ros_env/bin/arm64-apple-darwin20.0.0-gfortran'), ('RMW_IMPLEMENTATION', 'rmw_cyclonedds_cpp'), ('DEBUG_FFLAGS', '-march=armv8.3-a -ftree-vectorize -fPIC -fno-stack-protector -O2 -pipe -isystem /Users/fergusproctor/miniforge3/envs/ros_env/include -march=armv8.3-a -ftree-vectorize -fPIC -fno-stack-protector -O2 -pipe -Og -g -Wall -Wextra -fcheck=all -fbacktrace -fimplicit-none -fvar-tracking-assignments'), ('XPC_FLAGS', '0x0'), ('F77', '/Users/fergusproctor/miniforge3/envs/ros_env/bin/arm64-apple-darwin20.0.0-gfortran'), ('REDO_PREBINDING', 'arm64-apple-darwin20.0.0-redo_prebinding'), ('CXX', 'arm64-apple-darwin20.0.0-clang++'), ('CC_FOR_BUILD', '/Users/fergusproctor/miniforge3/envs/ros_env/bin/arm64-apple-darwin20.0.0-clang'), ('CLANG', 'arm64-apple-darwin20.0.0-clang'), ('_CE_M', ''), ('XPC_SERVICE_NAME', '0'), ('OPENSSL_ROOT_DIR', '/opt/homebrew/opt/openssl@3'), ('SHLVL', '2'), ('HOME', '/Users/fergusproctor'), ('ROS_DISTRO', 'humble'), ('FORTRANFLAGS', '-march=armv8.3-a -ftree-vectorize -fPIC -fno-stack-protector -O2 -pipe -isystem /Users/fergusproctor/miniforge3/envs/ros_env/include'), ('CFLAGS', '-ftree-vectorize -fPIC -fstack-protector-strong -O2 -pipe -isystem /Users/fergusproctor/miniforge3/envs/ros_env/include'), ('HOMEBREW_PREFIX', '/opt/homebrew'), ('_CONDA_PYTHON_SYSCONFIGDATA_NAME', '_sysconfigdata_arm64_apple_darwin20_0_0'), ('FC', '/Users/fergusproctor/miniforge3/envs/ros_env/bin/arm64-apple-darwin20.0.0-gfortran'), ('DYLD_LIBRARY_PATH', '/Users/fergusproctor/miniforge3/envs/ros_env/opt/rviz_ogre_vendor/lib:/opt/homebrew/lib:'), ('PYTHONPATH', '/Users/fergusproctor/miniforge3/envs/ros_env/lib/python311/site-packages:/Users/fergusproctor/miniforge3/envs/ros_env/lib/python3.11/site-packages'), ('CONDA_PYTHON_EXE', '/Users/fergusproctor/miniforge3/bin/python'), ('LOGNAME', 'fergusproctor'), ('LC_CTYPE', 'UTF-8'), ('build_alias', 'arm64-apple-darwin20.0.0'), ('CONDA_DEFAULT_ENV', 'ros_env'), ('DEBUG_CFLAGS', '-ftree-vectorize -fPIC -fstack-protector-strong -O2 -pipe -Og -g -Wall -Wextra -isystem /Users/fergusproctor/miniforge3/envs/ros_env/include'), ('RANLIB', 'arm64-apple-darwin20.0.0-ranlib'), ('INFOPATH', '/opt/homebrew/share/info:'), ('HOMEBREW_CELLAR', '/opt/homebrew/Cellar'), ('CMAKE_PREFIX_PATH', ':/Users/fergusproctor/miniforge3/envs/ros_env'), ('CC', 'arm64-apple-darwin20.0.0-clang'), ('SEG_ADDR_TABLE', 'arm64-apple-darwin20.0.0-seg_addr_table'), ('ROS_LOCALHOST_ONLY', '0'), ('host_alias', 'arm64-apple-darwin20.0.0'), ('LDFLAGS_LD', '-headerpad_max_install_names -dead_strip_dylibs -rpath /Users/fergusproctor/miniforge3/envs/ros_env/lib -L/Users/fergusproctor/miniforge3/envs/ros_env/lib'), ('ROS_ETC_DIR', '/Users/fergusproctor/miniforge3/envs/ros_env/etc/ros'), ('OBJC_FOR_BUILD', '/Users/fergusproctor/miniforge3/envs/ros_env/bin/arm64-apple-darwin20.0.0-clang'), ('FFLAGS', '-march=armv8.3-a -ftree-vectorize -fPIC -fno-stack-protector -O2 -pipe -isystem /Users/fergusproctor/miniforge3/envs/ros_env/include'), ('_', '/Users/fergusproctor/miniforge3/envs/ros_env/bin/env')]), 'shell': False}
[0.104976] (-) TimerEvent: {}
[0.204290] (serial_communicator) StdoutLine: {'line': b'[ 25%] Building CXX object CMakeFiles/simple_serial.dir/src/simple_serial.cpp.o\n'}
[0.205077] (-) TimerEvent: {}
[0.210881] (serial_communicator) StdoutLine: {'line': b'[ 50%] Building CXX object CMakeFiles/serial_node.dir/src/serial_node.cpp.o\n'}
[0.307329] (-) TimerEvent: {}
[0.412467] (-) TimerEvent: {}
[0.517642] (-) TimerEvent: {}
[0.622788] (-) TimerEvent: {}
[0.727948] (-) TimerEvent: {}
[0.833131] (-) TimerEvent: {}
[0.938310] (-) TimerEvent: {}
[1.043462] (-) TimerEvent: {}
[1.148613] (-) TimerEvent: {}
[1.253758] (-) TimerEvent: {}
[1.358909] (-) TimerEvent: {}
[1.464056] (-) TimerEvent: {}
[1.569214] (-) TimerEvent: {}
[1.653719] (serial_communicator) StderrLine: {'line': b"/Users/fergusproctor/dev/SLAM-robot/ros2_ws/src/serial_communicator/src/simple_serial.cpp:40:45: error: variable 'data' cannot be implicitly captured in a lambda with no capture-default specified\n"}
[1.653907] (serial_communicator) StderrLine: {'line': b'                    std::cout << "Sent " << data << " bytes to the Arduino." << std::endl;\n'}
[1.653949] (serial_communicator) StderrLine: {'line': b'                                            ^\n'}
[1.653984] (serial_communicator) StderrLine: {'line': b"/Users/fergusproctor/dev/SLAM-robot/ros2_ws/src/serial_communicator/src/simple_serial.cpp:34:39: note: 'data' declared here\n"}
[1.654017] (serial_communicator) StderrLine: {'line': b'    void send_data(const std::string& data) {\n'}
[1.654048] (serial_communicator) StderrLine: {'line': b'                                      ^\n'}
[1.654078] (serial_communicator) StderrLine: {'line': b'/Users/fergusproctor/dev/SLAM-robot/ros2_ws/src/serial_communicator/src/simple_serial.cpp:38:13: note: lambda expression begins here\n'}
[1.654108] (serial_communicator) StderrLine: {'line': b'            [this](const boost::system::error_code& error, std::size_t length) {\n'}
[1.654138] (serial_communicator) StderrLine: {'line': b'            ^\n'}
[1.654364] (serial_communicator) StderrLine: {'line': b"/Users/fergusproctor/dev/SLAM-robot/ros2_ws/src/serial_communicator/src/simple_serial.cpp:38:18: note: capture 'data' by value\n"}
[1.654445] (serial_communicator) StderrLine: {'line': b'            [this](const boost::system::error_code& error, std::size_t length) {\n'}
[1.654507] (serial_communicator) StderrLine: {'line': b'                 ^\n'}
[1.654545] (serial_communicator) StderrLine: {'line': b'                 , data\n'}
[1.654589] (serial_communicator) StderrLine: {'line': b"/Users/fergusproctor/dev/SLAM-robot/ros2_ws/src/serial_communicator/src/simple_serial.cpp:38:18: note: capture 'data' by reference\n"}
[1.654628] (serial_communicator) StderrLine: {'line': b'            [this](const boost::system::error_code& error, std::size_t length) {\n'}
[1.654658] (serial_communicator) StderrLine: {'line': b'                 ^\n'}
[1.654688] (serial_communicator) StderrLine: {'line': b'                 , &data\n'}
[1.654718] (serial_communicator) StderrLine: {'line': b'/Users/fergusproctor/dev/SLAM-robot/ros2_ws/src/serial_communicator/src/simple_serial.cpp:38:14: note: default capture by reference\n'}
[1.654748] (serial_communicator) StderrLine: {'line': b'            [this](const boost::system::error_code& error, std::size_t length) {\n'}
[1.654778] (serial_communicator) StderrLine: {'line': b'             ^\n'}
[1.654807] (serial_communicator) StderrLine: {'line': b'             &, \n'}
[1.654898] (serial_communicator) StderrLine: {'line': b"/Users/fergusproctor/dev/SLAM-robot/ros2_ws/src/serial_communicator/src/simple_serial.cpp:38:72: warning: unused parameter 'length' [-Wunused-parameter]\n"}
[1.654955] (serial_communicator) StderrLine: {'line': b'            [this](const boost::system::error_code& error, std::size_t length) {\n'}
[1.654985] (serial_communicator) StderrLine: {'line': b'                                                                       ^\n'}
[1.655014] (serial_communicator) StderrLine: {'line': b"/Users/fergusproctor/dev/SLAM-robot/ros2_ws/src/serial_communicator/src/simple_serial.cpp:38:14: warning: lambda capture 'this' is not used [-Wunused-lambda-capture]\n"}
[1.655044] (serial_communicator) StderrLine: {'line': b'            [this](const boost::system::error_code& error, std::size_t length) {\n'}
[1.655073] (serial_communicator) StderrLine: {'line': b'             ^~~~\n'}
[1.672780] (-) TimerEvent: {}
[1.777942] (-) TimerEvent: {}
[1.811837] (serial_communicator) StderrLine: {'line': b'2 warnings and 1 error generated.\n'}
[1.817684] (serial_communicator) StderrLine: {'line': b'make[2]: *** [CMakeFiles/simple_serial.dir/build.make:76: CMakeFiles/simple_serial.dir/src/simple_serial.cpp.o] Error 1\n'}
[1.818039] (serial_communicator) StderrLine: {'line': b'make[1]: *** [CMakeFiles/Makefile2:165: CMakeFiles/simple_serial.dir/all] Error 2\n'}
[1.818095] (serial_communicator) StderrLine: {'line': b'make[1]: *** Waiting for unfinished jobs....\n'}
[1.882969] (-) TimerEvent: {}
[1.988106] (-) TimerEvent: {}
[2.093236] (-) TimerEvent: {}
[2.107622] (serial_communicator) StderrLine: {'line': b"/Users/fergusproctor/dev/SLAM-robot/ros2_ws/src/serial_communicator/src/serial_node.cpp:58:72: warning: unused parameter 'length' [-Wunused-parameter]\n"}
[2.107731] (serial_communicator) StderrLine: {'line': b'            [this](const boost::system::error_code& error, std::size_t length) {\n'}
[2.107769] (serial_communicator) StderrLine: {'line': b'                                                                       ^\n'}
[2.107801] (serial_communicator) StderrLine: {'line': b"/Users/fergusproctor/dev/SLAM-robot/ros2_ws/src/serial_communicator/src/serial_node.cpp:58:14: warning: lambda capture 'this' is not used [-Wunused-lambda-capture]\n"}
[2.107834] (serial_communicator) StderrLine: {'line': b'            [this](const boost::system::error_code& error, std::size_t length) {\n'}
[2.107864] (serial_communicator) StderrLine: {'line': b'             ^~~~\n'}
[2.197518] (-) TimerEvent: {}
[2.302689] (-) TimerEvent: {}
[2.407840] (-) TimerEvent: {}
[2.512968] (-) TimerEvent: {}
[2.618092] (-) TimerEvent: {}
[2.723205] (-) TimerEvent: {}
[2.828324] (-) TimerEvent: {}
[2.933443] (-) TimerEvent: {}
[3.038565] (-) TimerEvent: {}
[3.143705] (-) TimerEvent: {}
[3.248840] (-) TimerEvent: {}
[3.353987] (-) TimerEvent: {}
[3.459143] (-) TimerEvent: {}
[3.564304] (-) TimerEvent: {}
[3.669482] (-) TimerEvent: {}
[3.774642] (-) TimerEvent: {}
[3.879788] (-) TimerEvent: {}
[3.983729] (-) TimerEvent: {}
[4.088885] (-) TimerEvent: {}
[4.193810] (-) TimerEvent: {}
[4.298817] (-) TimerEvent: {}
[4.404019] (-) TimerEvent: {}
[4.507287] (-) TimerEvent: {}
[4.612461] (-) TimerEvent: {}
[4.717608] (-) TimerEvent: {}
[4.822755] (-) TimerEvent: {}
[4.927940] (-) TimerEvent: {}
[5.033132] (-) TimerEvent: {}
[5.138295] (-) TimerEvent: {}
[5.243445] (-) TimerEvent: {}
[5.348579] (-) TimerEvent: {}
[5.453743] (-) TimerEvent: {}
[5.558900] (-) TimerEvent: {}
[5.664067] (-) TimerEvent: {}
[5.769207] (-) TimerEvent: {}
[5.874641] (-) TimerEvent: {}
[5.979864] (-) TimerEvent: {}
[6.011928] (serial_communicator) StderrLine: {'line': b'2 warnings generated.\n'}
[6.035085] (serial_communicator) StdoutLine: {'line': b'[ 75%] Linking CXX executable serial_node\n'}
[6.084867] (-) TimerEvent: {}
[6.134963] (serial_communicator) StdoutLine: {'line': b'[ 75%] Built target serial_node\n'}
[6.135487] (serial_communicator) StderrLine: {'line': b'make: *** [Makefile:146: all] Error 2\n'}
[6.136839] (serial_communicator) CommandEnded: {'returncode': 2}
[6.185704] (-) TimerEvent: {}
[6.215732] (serial_communicator) JobEnded: {'identifier': 'serial_communicator', 'rc': 2}
[6.216284] (-) EventReactorShutdown: {}
