[0.020s] Invoking command in '/Users/fergusproctor/dev/SLAM-robot/ros2_ws/build/serial_communicator': CONDA_PROMPT_MODIFIER=(ros_env) SHLVL=2 _=/Users/fergusproctor/miniforge3/envs/ros_env/bin/env __CF_USER_TEXT_ENCODING=0x1F5:0x0:0x0 /Users/fergusproctor/miniforge3/envs/ros_env/bin/cmake --build /Users/fergusproctor/dev/SLAM-robot/ros2_ws/build/serial_communicator -- -j8 -l8
[0.204s] [ 25%] Building CXX object CMakeFiles/simple_serial.dir/src/simple_serial.cpp.o
[0.211s] [ 50%] Building CXX object CMakeFiles/serial_node.dir/src/serial_node.cpp.o
[1.653s] /Users/fergusproctor/dev/SLAM-robot/ros2_ws/src/serial_communicator/src/simple_serial.cpp:40:45: error: variable 'data' cannot be implicitly captured in a lambda with no capture-default specified
[1.654s]                     std::cout << "Sent " << data << " bytes to the Arduino." << std::endl;
[1.654s]                                             ^
[1.654s] /Users/fergusproctor/dev/SLAM-robot/ros2_ws/src/serial_communicator/src/simple_serial.cpp:34:39: note: 'data' declared here
[1.654s]     void send_data(const std::string& data) {
[1.654s]                                       ^
[1.654s] /Users/fergusproctor/dev/SLAM-robot/ros2_ws/src/serial_communicator/src/simple_serial.cpp:38:13: note: lambda expression begins here
[1.654s]             [this](const boost::system::error_code& error, std::size_t length) {
[1.654s]             ^
[1.654s] /Users/fergusproctor/dev/SLAM-robot/ros2_ws/src/serial_communicator/src/simple_serial.cpp:38:18: note: capture 'data' by value
[1.654s]             [this](const boost::system::error_code& error, std::size_t length) {
[1.654s]                  ^
[1.654s]                  , data
[1.654s] /Users/fergusproctor/dev/SLAM-robot/ros2_ws/src/serial_communicator/src/simple_serial.cpp:38:18: note: capture 'data' by reference
[1.654s]             [this](const boost::system::error_code& error, std::size_t length) {
[1.654s]                  ^
[1.654s]                  , &data
[1.654s] /Users/fergusproctor/dev/SLAM-robot/ros2_ws/src/serial_communicator/src/simple_serial.cpp:38:14: note: default capture by reference
[1.654s]             [this](const boost::system::error_code& error, std::size_t length) {
[1.654s]              ^
[1.654s]              &, 
[1.655s] /Users/fergusproctor/dev/SLAM-robot/ros2_ws/src/serial_communicator/src/simple_serial.cpp:38:72: warning: unused parameter 'length' [-Wunused-parameter]
[1.655s]             [this](const boost::system::error_code& error, std::size_t length) {
[1.655s]                                                                        ^
[1.655s] /Users/fergusproctor/dev/SLAM-robot/ros2_ws/src/serial_communicator/src/simple_serial.cpp:38:14: warning: lambda capture 'this' is not used [-Wunused-lambda-capture]
[1.655s]             [this](const boost::system::error_code& error, std::size_t length) {
[1.655s]              ^~~~
[1.812s] 2 warnings and 1 error generated.
[1.817s] make[2]: *** [CMakeFiles/simple_serial.dir/build.make:76: CMakeFiles/simple_serial.dir/src/simple_serial.cpp.o] Error 1
[1.818s] make[1]: *** [CMakeFiles/Makefile2:165: CMakeFiles/simple_serial.dir/all] Error 2
[1.818s] make[1]: *** Waiting for unfinished jobs....
[2.107s] /Users/fergusproctor/dev/SLAM-robot/ros2_ws/src/serial_communicator/src/serial_node.cpp:58:72: warning: unused parameter 'length' [-Wunused-parameter]
[2.107s]             [this](const boost::system::error_code& error, std::size_t length) {
[2.107s]                                                                        ^
[2.107s] /Users/fergusproctor/dev/SLAM-robot/ros2_ws/src/serial_communicator/src/serial_node.cpp:58:14: warning: lambda capture 'this' is not used [-Wunused-lambda-capture]
[2.107s]             [this](const boost::system::error_code& error, std::size_t length) {
[2.108s]              ^~~~
[6.012s] 2 warnings generated.
[6.035s] [ 75%] Linking CXX executable serial_node
[6.135s] [ 75%] Built target serial_node
[6.135s] make: *** [Makefile:146: all] Error 2
[6.137s] Invoked command in '/Users/fergusproctor/dev/SLAM-robot/ros2_ws/build/serial_communicator' returned '2': CONDA_PROMPT_MODIFIER=(ros_env) SHLVL=2 _=/Users/fergusproctor/miniforge3/envs/ros_env/bin/env __CF_USER_TEXT_ENCODING=0x1F5:0x0:0x0 /Users/fergusproctor/miniforge3/envs/ros_env/bin/cmake --build /Users/fergusproctor/dev/SLAM-robot/ros2_ws/build/serial_communicator -- -j8 -l8
